build/app/intermediates/manifest_merge_blame_file/release/manifest-merger-blame-release-report.txt
1<?xml version="1.0" encoding="utf-8"?>
2<manifest xmlns:android="http://schemas.android.com/apk/res/android"
3    package="com.GP.sekkah_app"
4    android:versionCode="1"
5    android:versionName="1.0.0" >
6
7    <uses-sdk
8        android:minSdkVersion="21"
8-->src/main/AndroidManifest.xml
9        android:targetSdkVersion="31" />
9-->src/main/AndroidManifest.xml
10
11    <uses-permission android:name="android.permission.ACCESS_FINE_LOCATION" />
11-->src/main/AndroidManifest.xml:3:5-79
11-->src/main/AndroidManifest.xml:3:22-76
12    <uses-permission android:name="android.permission.ACCESS_COARSE_LOCATION" />
12-->src/main/AndroidManifest.xml:4:5-81
12-->src/main/AndroidManifest.xml:4:22-78
13    <uses-permission android:name="android.permission.ACCESS_BACKGROUND_LOCATION" />
13-->src/main/AndroidManifest.xml:5:5-85
13-->src/main/AndroidManifest.xml:5:22-82
14    <uses-permission android:name="android.permission.FOREGROUND_SERVICE" />
14-->[:geolocator_android] AndroidManifest.xml:9:5-77
14-->[:geolocator_android] AndroidManifest.xml:9:22-74
15    <uses-permission android:name="android.permission.INTERNET" />
15-->[com.google.firebase:firebase-auth:21.0.8] AndroidManifest.xml:23:5-67
15-->[com.google.firebase:firebase-auth:21.0.8] AndroidManifest.xml:23:22-64
16    <uses-permission android:name="android.permission.ACCESS_NETWORK_STATE" />
16-->[com.google.firebase:firebase-auth:21.0.8] AndroidManifest.xml:24:5-79
16-->[com.google.firebase:firebase-auth:21.0.8] AndroidManifest.xml:24:22-76
17
18    <uses-feature
18-->[com.google.android.gms:play-services-maps:18.1.0] AndroidManifest.xml:26:5-28:35
19        android:glEsVersion="0x00020000"
19-->[com.google.android.gms:play-services-maps:18.1.0] AndroidManifest.xml:27:9-41
20        android:required="true" />
20-->[com.google.android.gms:play-services-maps:18.1.0] AndroidManifest.xml:28:9-32
21
22    <queries>
22-->[com.google.android.gms:play-services-maps:18.1.0] AndroidManifest.xml:30:5-34:15
23
24        <!-- Needs to be explicitly declared on Android R+ -->
25        <package android:name="com.google.android.apps.maps" />
25-->[com.google.android.gms:play-services-maps:18.1.0] AndroidManifest.xml:33:9-64
25-->[com.google.android.gms:play-services-maps:18.1.0] AndroidManifest.xml:33:18-61
26    </queries>
27
28    <application
29        android:name="android.app.Application"
29-->src/main/AndroidManifest.xml:8:9-42
30        android:appComponentFactory="androidx.core.app.CoreComponentFactory"
30-->[androidx.core:core:1.8.0] AndroidManifest.xml:24:18-86
31        android:icon="@mipmap/ic_launcher"
31-->src/main/AndroidManifest.xml:9:9-43
32        android:label="sekkah_app"
32-->src/main/AndroidManifest.xml:7:9-35
33        android:usesCleartextTraffic="true" >
33-->src/main/AndroidManifest.xml:10:9-44
34        <meta-data
34-->src/main/AndroidManifest.xml:12:10-14:73
35            android:name="com.google.android.geo.API_KEY"
35-->src/main/AndroidManifest.xml:13:16-61
36            android:value="AIzaSyCJisn-kRPI3m5-N0QgeHj5toEAd2wy2EM" />
36-->src/main/AndroidManifest.xml:14:16-71
37
38        <activity
38-->src/main/AndroidManifest.xml:16:9-36:20
39            android:name="com.example.sekkah_app.MainActivity"
39-->src/main/AndroidManifest.xml:17:13-41
40            android:configChanges="orientation|keyboardHidden|keyboard|screenSize|smallestScreenSize|locale|layoutDirection|fontScale|screenLayout|density|uiMode"
40-->src/main/AndroidManifest.xml:21:13-163
41            android:exported="true"
41-->src/main/AndroidManifest.xml:18:13-36
42            android:hardwareAccelerated="true"
42-->src/main/AndroidManifest.xml:22:13-47
43            android:launchMode="singleTop"
43-->src/main/AndroidManifest.xml:19:13-43
44            android:theme="@style/LaunchTheme"
44-->src/main/AndroidManifest.xml:20:13-47
45            android:windowSoftInputMode="adjustResize" >
45-->src/main/AndroidManifest.xml:23:13-55
46
47            <!--
48                 Specifies an Android theme to apply to this Activity as soon as
49                 the Android process has started. This theme is visible to the user
50                 while the Flutter UI initializes. After that, this theme continues
51                 to determine the Window background behind the Flutter UI.
52            -->
53            <meta-data
53-->src/main/AndroidManifest.xml:28:13-31:17
54                android:name="io.flutter.embedding.android.NormalTheme"
54-->src/main/AndroidManifest.xml:29:15-70
55                android:resource="@style/NormalTheme" />
55-->src/main/AndroidManifest.xml:30:15-52
56
57            <intent-filter>
57-->src/main/AndroidManifest.xml:32:13-35:29
58                <action android:name="android.intent.action.MAIN" />
58-->src/main/AndroidManifest.xml:33:17-68
58-->src/main/AndroidManifest.xml:33:25-66
59
60                <category android:name="android.intent.category.LAUNCHER" />
60-->src/main/AndroidManifest.xml:34:17-76
60-->src/main/AndroidManifest.xml:34:27-74
61            </intent-filter>
62        </activity>
63        <!--
64             Don't delete the meta-data below.
65             This is used by the Flutter tool to generate GeneratedPluginRegistrant.java
66        -->
67        <meta-data
67-->src/main/AndroidManifest.xml:39:9-41:33
68            android:name="flutterEmbedding"
68-->src/main/AndroidManifest.xml:40:13-44
69            android:value="2" />
69-->src/main/AndroidManifest.xml:41:13-30
70
71        <service
71-->[:firebase_auth] AndroidManifest.xml:10:9-14:19
72            android:name="com.google.firebase.components.ComponentDiscoveryService"
72-->[:firebase_auth] AndroidManifest.xml:10:18-89
73            android:directBootAware="true"
73-->[com.google.firebase:firebase-common:20.1.2] AndroidManifest.xml:35:13-43
74            android:exported="false" >
74-->[com.google.firebase:firebase-auth:21.0.8] AndroidManifest.xml:66:13-37
75            <meta-data
75-->[:firebase_auth] AndroidManifest.xml:11:13-13:85
76                android:name="com.google.firebase.components:io.flutter.plugins.firebase.auth.FlutterFirebaseAuthRegistrar"
76-->[:firebase_auth] AndroidManifest.xml:12:17-124
77                android:value="com.google.firebase.components.ComponentRegistrar" />
77-->[:firebase_auth] AndroidManifest.xml:13:17-82
78            <meta-data
78-->[:cloud_firestore] AndroidManifest.xml:11:13-13:85
79                android:name="com.google.firebase.components:io.flutter.plugins.firebase.firestore.FlutterFirebaseFirestoreRegistrar"
79-->[:cloud_firestore] AndroidManifest.xml:12:17-134
80                android:value="com.google.firebase.components.ComponentRegistrar" />
80-->[:cloud_firestore] AndroidManifest.xml:13:17-82
81            <meta-data
81-->[:firebase_core] AndroidManifest.xml:11:13-13:85
82                android:name="com.google.firebase.components:io.flutter.plugins.firebase.core.FlutterFirebaseCoreRegistrar"
82-->[:firebase_core] AndroidManifest.xml:12:17-124
83                android:value="com.google.firebase.components.ComponentRegistrar" />
83-->[:firebase_core] AndroidManifest.xml:13:17-82
84            <meta-data
84-->[com.google.firebase:firebase-auth:21.0.8] AndroidManifest.xml:67:13-69:85
85                android:name="com.google.firebase.components:com.google.firebase.auth.FirebaseAuthRegistrar"
85-->[com.google.firebase:firebase-auth:21.0.8] AndroidManifest.xml:68:17-109
86                android:value="com.google.firebase.components.ComponentRegistrar" />
86-->[com.google.firebase:firebase-auth:21.0.8] AndroidManifest.xml:69:17-82
87            <meta-data
87-->[com.google.firebase:firebase-firestore:24.3.1] AndroidManifest.xml:20:13-22:85
88                android:name="com.google.firebase.components:com.google.firebase.firestore.FirestoreRegistrar"
88-->[com.google.firebase:firebase-firestore:24.3.1] AndroidManifest.xml:21:17-111
89                android:value="com.google.firebase.components.ComponentRegistrar" />
89-->[com.google.firebase:firebase-firestore:24.3.1] AndroidManifest.xml:22:17-82
90        </service>
91        <service
91-->[:geolocator_android] AndroidManifest.xml:12:9-16:56
92            android:name="com.baseflow.geolocator.GeolocatorLocationService"
92-->[:geolocator_android] AndroidManifest.xml:13:13-77
93            android:enabled="true"
93-->[:geolocator_android] AndroidManifest.xml:14:13-35
94            android:exported="false"
94-->[:geolocator_android] AndroidManifest.xml:15:13-37
95            android:foregroundServiceType="location" />
95-->[:geolocator_android] AndroidManifest.xml:16:13-53
96        <service
96-->[:location] AndroidManifest.xml:13:9-17:56
97            android:name="com.lyokone.location.FlutterLocationService"
97-->[:location] AndroidManifest.xml:14:13-71
98            android:enabled="true"
98-->[:location] AndroidManifest.xml:15:13-35
99            android:exported="false"
99-->[:location] AndroidManifest.xml:16:13-37
100            android:foregroundServiceType="location" />
100-->[:location] AndroidManifest.xml:17:13-53
101
102        <uses-library
102-->[androidx.window:window:1.0.0-beta04] AndroidManifest.xml:25:9-27:40
103            android:name="androidx.window.extensions"
103-->[androidx.window:window:1.0.0-beta04] AndroidManifest.xml:26:13-54
104            android:required="false" />
104-->[androidx.window:window:1.0.0-beta04] AndroidManifest.xml:27:13-37
105        <uses-library
105-->[androidx.window:window:1.0.0-beta04] AndroidManifest.xml:28:9-30:40
106            android:name="androidx.window.sidecar"
106-->[androidx.window:window:1.0.0-beta04] AndroidManifest.xml:29:13-51
107            android:required="false" />
107-->[androidx.window:window:1.0.0-beta04] AndroidManifest.xml:30:13-37
108
109        <activity
109-->[com.google.firebase:firebase-auth:21.0.8] AndroidManifest.xml:27:9-44:20
110            android:name="com.google.firebase.auth.internal.GenericIdpActivity"
110-->[com.google.firebase:firebase-auth:21.0.8] AndroidManifest.xml:28:13-80
111            android:excludeFromRecents="true"
111-->[com.google.firebase:firebase-auth:21.0.8] AndroidManifest.xml:29:13-46
112            android:exported="true"
112-->[com.google.firebase:firebase-auth:21.0.8] AndroidManifest.xml:30:13-36
113            android:launchMode="singleTask"
113-->[com.google.firebase:firebase-auth:21.0.8] AndroidManifest.xml:31:13-44
114            android:theme="@android:style/Theme.Translucent.NoTitleBar" >
114-->[com.google.firebase:firebase-auth:21.0.8] AndroidManifest.xml:32:13-72
115            <intent-filter>
115-->[com.google.firebase:firebase-auth:21.0.8] AndroidManifest.xml:33:13-43:29
116                <action android:name="android.intent.action.VIEW" />
116-->[com.google.firebase:firebase-auth:21.0.8] AndroidManifest.xml:34:17-69
116-->[com.google.firebase:firebase-auth:21.0.8] AndroidManifest.xml:34:25-66
117
118                <category android:name="android.intent.category.DEFAULT" />
118-->[com.google.firebase:firebase-auth:21.0.8] AndroidManifest.xml:36:17-76
118-->[com.google.firebase:firebase-auth:21.0.8] AndroidManifest.xml:36:27-73
119                <category android:name="android.intent.category.BROWSABLE" />
119-->[com.google.firebase:firebase-auth:21.0.8] AndroidManifest.xml:37:17-78
119-->[com.google.firebase:firebase-auth:21.0.8] AndroidManifest.xml:37:27-75
120
121                <data
121-->[com.google.firebase:firebase-auth:21.0.8] AndroidManifest.xml:39:17-42:51
122                    android:host="firebase.auth"
122-->[com.google.firebase:firebase-auth:21.0.8] AndroidManifest.xml:40:21-49
123                    android:path="/"
123-->[com.google.firebase:firebase-auth:21.0.8] AndroidManifest.xml:41:21-37
124                    android:scheme="genericidp" />
124-->[com.google.firebase:firebase-auth:21.0.8] AndroidManifest.xml:42:21-48
125            </intent-filter>
126        </activity>
127        <activity
127-->[com.google.firebase:firebase-auth:21.0.8] AndroidManifest.xml:45:9-62:20
128            android:name="com.google.firebase.auth.internal.RecaptchaActivity"
128-->[com.google.firebase:firebase-auth:21.0.8] AndroidManifest.xml:46:13-79
129            android:excludeFromRecents="true"
129-->[com.google.firebase:firebase-auth:21.0.8] AndroidManifest.xml:47:13-46
130            android:exported="true"
130-->[com.google.firebase:firebase-auth:21.0.8] AndroidManifest.xml:48:13-36
131            android:launchMode="singleTask"
131-->[com.google.firebase:firebase-auth:21.0.8] AndroidManifest.xml:49:13-44
132            android:theme="@android:style/Theme.Translucent.NoTitleBar" >
132-->[com.google.firebase:firebase-auth:21.0.8] AndroidManifest.xml:50:13-72
133            <intent-filter>
133-->[com.google.firebase:firebase-auth:21.0.8] AndroidManifest.xml:51:13-61:29
134                <action android:name="android.intent.action.VIEW" />
134-->[com.google.firebase:firebase-auth:21.0.8] AndroidManifest.xml:34:17-69
134-->[com.google.firebase:firebase-auth:21.0.8] AndroidManifest.xml:34:25-66
135
136                <category android:name="android.intent.category.DEFAULT" />
136-->[com.google.firebase:firebase-auth:21.0.8] AndroidManifest.xml:36:17-76
136-->[com.google.firebase:firebase-auth:21.0.8] AndroidManifest.xml:36:27-73
137                <category android:name="android.intent.category.BROWSABLE" />
137-->[com.google.firebase:firebase-auth:21.0.8] AndroidManifest.xml:37:17-78
137-->[com.google.firebase:firebase-auth:21.0.8] AndroidManifest.xml:37:27-75
138
139                <data
139-->[com.google.firebase:firebase-auth:21.0.8] AndroidManifest.xml:39:17-42:51
140                    android:host="firebase.auth"
140-->[com.google.firebase:firebase-auth:21.0.8] AndroidManifest.xml:40:21-49
141                    android:path="/"
141-->[com.google.firebase:firebase-auth:21.0.8] AndroidManifest.xml:41:21-37
142                    android:scheme="recaptcha" />
142-->[com.google.firebase:firebase-auth:21.0.8] AndroidManifest.xml:42:21-48
143            </intent-filter>
144        </activity>
145
146        <provider
146-->[com.google.firebase:firebase-common:20.1.2] AndroidManifest.xml:26:9-31:39
147            android:name="com.google.firebase.provider.FirebaseInitProvider"
147-->[com.google.firebase:firebase-common:20.1.2] AndroidManifest.xml:27:13-77
148            android:authorities="com.GP.sekkah_app.firebaseinitprovider"
148-->[com.google.firebase:firebase-common:20.1.2] AndroidManifest.xml:28:13-72
149            android:directBootAware="true"
149-->[com.google.firebase:firebase-common:20.1.2] AndroidManifest.xml:29:13-43
150            android:exported="false"
150-->[com.google.firebase:firebase-common:20.1.2] AndroidManifest.xml:30:13-37
151            android:initOrder="100" /> <!-- Needs to be explicitly declared on P+ -->
151-->[com.google.firebase:firebase-common:20.1.2] AndroidManifest.xml:31:13-36
152        <uses-library
152-->[com.google.android.gms:play-services-maps:18.1.0] AndroidManifest.xml:39:9-41:40
153            android:name="org.apache.http.legacy"
153-->[com.google.android.gms:play-services-maps:18.1.0] AndroidManifest.xml:40:13-50
154            android:required="false" />
154-->[com.google.android.gms:play-services-maps:18.1.0] AndroidManifest.xml:41:13-37
155
156        <activity
156-->[com.google.android.gms:play-services-base:18.0.1] AndroidManifest.xml:20:9-22:45
157            android:name="com.google.android.gms.common.api.GoogleApiActivity"
157-->[com.google.android.gms:play-services-base:18.0.1] AndroidManifest.xml:20:19-85
158            android:exported="false"
158-->[com.google.android.gms:play-services-base:18.0.1] AndroidManifest.xml:22:19-43
159            android:theme="@android:style/Theme.Translucent.NoTitleBar" />
159-->[com.google.android.gms:play-services-base:18.0.1] AndroidManifest.xml:21:19-78
160
161        <meta-data
161-->[com.google.android.gms:play-services-basement:18.1.0] AndroidManifest.xml:21:9-23:69
162            android:name="com.google.android.gms.version"
162-->[com.google.android.gms:play-services-basement:18.1.0] AndroidManifest.xml:22:13-58
163            android:value="@integer/google_play_services_version" />
163-->[com.google.android.gms:play-services-basement:18.1.0] AndroidManifest.xml:23:13-66
164    </application>
165
166</manifest>